0 info it worked if it ends with ok
1 verbose cli [ '/home/student/.nvm/versions/node/v6.9.1/bin/node',
1 verbose cli   '/home/student/.nvm/versions/node/v6.9.1/bin/npm',
1 verbose cli   'i',
1 verbose cli   '-g',
1 verbose cli   'avagit',
1 verbose cli   'add',
1 verbose cli   '.' ]
2 info using npm@3.10.8
3 info using node@v6.9.1
4 silly loadCurrentTree Starting
5 silly install loadCurrentTree
6 silly install readGlobalPackageData
7 silly fetchPackageMetaData avagit
8 silly fetchPackageMetaData add
9 silly fetchPackageMetaData .
10 silly fetchNamedPackageData avagit
11 silly mapToRegistry name avagit
12 silly mapToRegistry using default registry
13 silly mapToRegistry registry https://registry.npmjs.org/
14 silly mapToRegistry data Result {
14 silly mapToRegistry   raw: 'avagit',
14 silly mapToRegistry   scope: null,
14 silly mapToRegistry   escapedName: 'avagit',
14 silly mapToRegistry   name: 'avagit',
14 silly mapToRegistry   rawSpec: '',
14 silly mapToRegistry   spec: 'latest',
14 silly mapToRegistry   type: 'tag' }
15 silly mapToRegistry uri https://registry.npmjs.org/avagit
16 silly fetchNamedPackageData add
17 silly mapToRegistry name add
18 silly mapToRegistry using default registry
19 silly mapToRegistry registry https://registry.npmjs.org/
20 silly mapToRegistry data Result {
20 silly mapToRegistry   raw: 'add',
20 silly mapToRegistry   scope: null,
20 silly mapToRegistry   escapedName: 'add',
20 silly mapToRegistry   name: 'add',
20 silly mapToRegistry   rawSpec: '',
20 silly mapToRegistry   spec: 'latest',
20 silly mapToRegistry   type: 'tag' }
21 silly mapToRegistry uri https://registry.npmjs.org/add
22 verbose request uri https://registry.npmjs.org/avagit
23 verbose request no auth needed
24 info attempt registry request try #1 at 3:57:09 PM
25 verbose request id 169309c9ff70e8ed
26 http request GET https://registry.npmjs.org/avagit
27 verbose request uri https://registry.npmjs.org/add
28 verbose request no auth needed
29 info attempt registry request try #1 at 3:57:09 PM
30 http request GET https://registry.npmjs.org/add
31 silly fetchDirectoryPackageData .
32 http 200 https://registry.npmjs.org/add
33 verbose headers { server: 'nginx/1.10.3',
33 verbose headers   'content-type': 'application/json',
33 verbose headers   'last-modified': 'Tue, 15 Jul 2014 06:29:37 GMT',
33 verbose headers   etag: 'W/"53c4ca51-2a4d"',
33 verbose headers   'content-encoding': 'gzip',
33 verbose headers   'cache-control': 'max-age=300',
33 verbose headers   'content-length': '2617',
33 verbose headers   'accept-ranges': 'bytes',
33 verbose headers   date: 'Fri, 21 Jul 2017 03:57:09 GMT',
33 verbose headers   via: '1.1 varnish',
33 verbose headers   age: '0',
33 verbose headers   connection: 'keep-alive',
33 verbose headers   'x-served-by': 'cache-akl1420-AKL',
33 verbose headers   'x-cache': 'MISS',
33 verbose headers   'x-cache-hits': '0',
33 verbose headers   'x-timer': 'S1500609430.597696,VS0,VE26',
33 verbose headers   vary: 'Accept-Encoding, Accept' }
34 silly get cb [ 200,
34 silly get   { server: 'nginx/1.10.3',
34 silly get     'content-type': 'application/json',
34 silly get     'last-modified': 'Tue, 15 Jul 2014 06:29:37 GMT',
34 silly get     etag: 'W/"53c4ca51-2a4d"',
34 silly get     'content-encoding': 'gzip',
34 silly get     'cache-control': 'max-age=300',
34 silly get     'content-length': '2617',
34 silly get     'accept-ranges': 'bytes',
34 silly get     date: 'Fri, 21 Jul 2017 03:57:09 GMT',
34 silly get     via: '1.1 varnish',
34 silly get     age: '0',
34 silly get     connection: 'keep-alive',
34 silly get     'x-served-by': 'cache-akl1420-AKL',
34 silly get     'x-cache': 'MISS',
34 silly get     'x-cache-hits': '0',
34 silly get     'x-timer': 'S1500609430.597696,VS0,VE26',
34 silly get     vary: 'Accept-Encoding, Accept' } ]
35 verbose get saving add to /home/student/.npm/registry.npmjs.org/add/.cache.json
36 verbose correctMkdir /home/student/.npm correctMkdir not in flight; initializing
37 http 404 https://registry.npmjs.org/avagit
38 verbose headers { 'content-type': 'application/json',
38 verbose headers   'cache-control': 'max-age=0',
38 verbose headers   'content-length': '2',
38 verbose headers   'accept-ranges': 'bytes',
38 verbose headers   date: 'Fri, 21 Jul 2017 03:57:10 GMT',
38 verbose headers   via: '1.1 varnish',
38 verbose headers   age: '0',
38 verbose headers   connection: 'keep-alive',
38 verbose headers   'x-served-by': 'cache-akl1423-AKL',
38 verbose headers   'x-cache': 'MISS',
38 verbose headers   'x-cache-hits': '0',
38 verbose headers   'x-timer': 'S1500609430.604567,VS0,VE1091',
38 verbose headers   vary: 'Accept-Encoding' }
39 silly get cb [ 404,
39 silly get   { 'content-type': 'application/json',
39 silly get     'cache-control': 'max-age=0',
39 silly get     'content-length': '2',
39 silly get     'accept-ranges': 'bytes',
39 silly get     date: 'Fri, 21 Jul 2017 03:57:10 GMT',
39 silly get     via: '1.1 varnish',
39 silly get     age: '0',
39 silly get     connection: 'keep-alive',
39 silly get     'x-served-by': 'cache-akl1423-AKL',
39 silly get     'x-cache': 'MISS',
39 silly get     'x-cache-hits': '0',
39 silly get     'x-timer': 'S1500609430.604567,VS0,VE1091',
39 silly get     vary: 'Accept-Encoding' } ]
40 silly fetchPackageMetaData Error: Registry returned 404 for GET on https://registry.npmjs.org/avagit
40 silly fetchPackageMetaData     at makeError (/home/student/.nvm/versions/node/v6.9.1/lib/node_modules/npm/node_modules/npm-registry-client/lib/request.js:302:12)
40 silly fetchPackageMetaData     at CachingRegistryClient.<anonymous> (/home/student/.nvm/versions/node/v6.9.1/lib/node_modules/npm/node_modules/npm-registry-client/lib/request.js:280:14)
40 silly fetchPackageMetaData     at Request._callback (/home/student/.nvm/versions/node/v6.9.1/lib/node_modules/npm/node_modules/npm-registry-client/lib/request.js:210:14)
40 silly fetchPackageMetaData     at Request.self.callback (/home/student/.nvm/versions/node/v6.9.1/lib/node_modules/npm/node_modules/request/request.js:187:22)
40 silly fetchPackageMetaData     at emitTwo (events.js:106:13)
40 silly fetchPackageMetaData     at Request.emit (events.js:191:7)
40 silly fetchPackageMetaData     at Request.<anonymous> (/home/student/.nvm/versions/node/v6.9.1/lib/node_modules/npm/node_modules/request/request.js:1044:10)
40 silly fetchPackageMetaData     at emitOne (events.js:96:13)
40 silly fetchPackageMetaData     at Request.emit (events.js:188:7)
40 silly fetchPackageMetaData     at IncomingMessage.<anonymous> (/home/student/.nvm/versions/node/v6.9.1/lib/node_modules/npm/node_modules/request/request.js:965:12)
40 silly fetchPackageMetaData  error for avagit { Error: Registry returned 404 for GET on https://registry.npmjs.org/avagit
40 silly fetchPackageMetaData     at makeError (/home/student/.nvm/versions/node/v6.9.1/lib/node_modules/npm/node_modules/npm-registry-client/lib/request.js:302:12)
40 silly fetchPackageMetaData     at CachingRegistryClient.<anonymous> (/home/student/.nvm/versions/node/v6.9.1/lib/node_modules/npm/node_modules/npm-registry-client/lib/request.js:280:14)
40 silly fetchPackageMetaData     at Request._callback (/home/student/.nvm/versions/node/v6.9.1/lib/node_modules/npm/node_modules/npm-registry-client/lib/request.js:210:14)
40 silly fetchPackageMetaData     at Request.self.callback (/home/student/.nvm/versions/node/v6.9.1/lib/node_modules/npm/node_modules/request/request.js:187:22)
40 silly fetchPackageMetaData     at emitTwo (events.js:106:13)
40 silly fetchPackageMetaData     at Request.emit (events.js:191:7)
40 silly fetchPackageMetaData     at Request.<anonymous> (/home/student/.nvm/versions/node/v6.9.1/lib/node_modules/npm/node_modules/request/request.js:1044:10)
40 silly fetchPackageMetaData     at emitOne (events.js:96:13)
40 silly fetchPackageMetaData     at Request.emit (events.js:188:7)
40 silly fetchPackageMetaData     at IncomingMessage.<anonymous> (/home/student/.nvm/versions/node/v6.9.1/lib/node_modules/npm/node_modules/request/request.js:965:12) pkgid: 'avagit', statusCode: 404, code: 'E404' }
41 silly rollbackFailedOptional Starting
42 silly rollbackFailedOptional Finishing
43 silly runTopLevelLifecycles Finishing
44 silly install printInstalled
45 verbose stack Error: Registry returned 404 for GET on https://registry.npmjs.org/avagit
45 verbose stack     at makeError (/home/student/.nvm/versions/node/v6.9.1/lib/node_modules/npm/node_modules/npm-registry-client/lib/request.js:302:12)
45 verbose stack     at CachingRegistryClient.<anonymous> (/home/student/.nvm/versions/node/v6.9.1/lib/node_modules/npm/node_modules/npm-registry-client/lib/request.js:280:14)
45 verbose stack     at Request._callback (/home/student/.nvm/versions/node/v6.9.1/lib/node_modules/npm/node_modules/npm-registry-client/lib/request.js:210:14)
45 verbose stack     at Request.self.callback (/home/student/.nvm/versions/node/v6.9.1/lib/node_modules/npm/node_modules/request/request.js:187:22)
45 verbose stack     at emitTwo (events.js:106:13)
45 verbose stack     at Request.emit (events.js:191:7)
45 verbose stack     at Request.<anonymous> (/home/student/.nvm/versions/node/v6.9.1/lib/node_modules/npm/node_modules/request/request.js:1044:10)
45 verbose stack     at emitOne (events.js:96:13)
45 verbose stack     at Request.emit (events.js:188:7)
45 verbose stack     at IncomingMessage.<anonymous> (/home/student/.nvm/versions/node/v6.9.1/lib/node_modules/npm/node_modules/request/request.js:965:12)
46 verbose statusCode 404
47 verbose pkgid avagit
48 verbose cwd /home/student/workspace/holiday
49 error Linux 4.4.0-83-generic
50 error argv "/home/student/.nvm/versions/node/v6.9.1/bin/node" "/home/student/.nvm/versions/node/v6.9.1/bin/npm" "i" "-g" "avagit" "add" "."
51 error node v6.9.1
52 error npm  v3.10.8
53 error code E404
54 error 404 Registry returned 404 for GET on https://registry.npmjs.org/avagit
55 error 404
56 error 404 'avagit' is not in the npm registry.
57 error 404 You should bug the author to publish it (or use the name yourself!)
58 error 404 Note that you can also install from a
59 error 404 tarball, folder, http url, or git url.
60 verbose exit [ 1, true ]
